2020-06-24 21:14:33,985 [main] INFO  c.g.e.m.h.c.ui.Html5AppCoreUIPlugin - Pluging started
2020-06-24 21:14:38,281 [Worker-4] INFO  o.e.m.c.i.i.nexus.NexusIndexManager - Updating index for repository: central|http://repo.maven.apache.org/maven2
2020-06-24 21:14:38,403 [Worker-4] INFO  c.n.h.c.p.n.NettyAsyncHttpProvider - Number of application's worked threads is 16
2020-06-24 21:14:39,202 [Worker-4] ERROR o.e.m.c.i.i.nexus.NexusIndexManager - Unable to update index for central|http://repo.maven.apache.org/maven2
java.io.IOException: Server returned status code 501: HTTPS Required
	at org.eclipse.m2e.core.internal.index.nexus.AsyncFetcher$PipedErrorInputStream.checkError(AsyncFetcher.java:251) ~[org.eclipse.m2e.core_1.4.0.me201310171809.jar:na]
	at org.eclipse.m2e.core.internal.index.nexus.AsyncFetcher$PipedErrorInputStream.read(AsyncFetcher.java:259) ~[org.eclipse.m2e.core_1.4.0.me201310171809.jar:na]
	at java.io.PipedInputStream.read(PipedInputStream.java:378) ~[na:1.7.0_45]
	at java.io.InputStream.read(InputStream.java:101) ~[na:1.7.0_45]
	at java.util.Properties$LineReader.readLine(Properties.java:434) ~[na:1.7.0_45]
	at java.util.Properties.load0(Properties.java:353) ~[na:1.7.0_45]
	at java.util.Properties.load(Properties.java:341) ~[na:1.7.0_45]
	at org.apache.maven.index.updater.DefaultIndexUpdater.downloadIndexProperties(DefaultIndexUpdater.java:457) ~[indexer-core-3.1.0.jar:3.1.0]
	at org.apache.maven.index.updater.DefaultIndexUpdater.access$100(DefaultIndexUpdater.java:75) ~[indexer-core-3.1.0.jar:3.1.0]
	at org.apache.maven.index.updater.DefaultIndexUpdater$IndexAdaptor.setProperties(DefaultIndexUpdater.java:607) ~[indexer-core-3.1.0.jar:3.1.0]
	at org.apache.maven.index.updater.DefaultIndexUpdater.fetchAndUpdateIndex(DefaultIndexUpdater.java:788) ~[indexer-core-3.1.0.jar:3.1.0]
	at org.apache.maven.index.updater.DefaultIndexUpdater.fetchAndUpdateIndex(DefaultIndexUpdater.java:135) ~[indexer-core-3.1.0.jar:3.1.0]
	at org.eclipse.m2e.core.internal.index.nexus.NexusIndexManager.updateRemoteIndex(NexusIndexManager.java:1237) [org.eclipse.m2e.core_1.4.0.me201310171809.jar:na]
	at org.eclipse.m2e.core.internal.index.nexus.NexusIndexManager.updateIndex(NexusIndexManager.java:1192) [org.eclipse.m2e.core_1.4.0.me201310171809.jar:na]
	at org.eclipse.m2e.core.internal.index.nexus.NexusIndexManager$1.run(NexusIndexManager.java:707) [org.eclipse.m2e.core_1.4.0.me201310171809.jar:na]
	at org.eclipse.m2e.core.internal.index.nexus.IndexUpdaterJob.run(IndexUpdaterJob.java:72) [org.eclipse.m2e.core_1.4.0.me201310171809.jar:na]
	at org.eclipse.core.internal.jobs.Worker.run(Worker.java:53) [org.eclipse.core.jobs_3.5.300.v20130429-1813.jar:na]
java.io.IOException: Server returned status code 501: HTTPS Required
	at org.eclipse.m2e.core.internal.index.nexus.AsyncFetcher$MonitorListener.onStatus(AsyncFetcher.java:281) ~[na:na]
	at com.ning.http.client.SimpleAsyncHttpClient$BodyConsumerAsyncHandler.fireStatus(SimpleAsyncHttpClient.java:828) ~[na:na]
	at com.ning.http.client.SimpleAsyncHttpClient$BodyConsumerAsyncHandler.onStatusReceived(SimpleAsyncHttpClient.java:779) ~[na:na]
	at com.ning.http.client.providers.netty.NettyAsyncHttpProvider.updateStatusAndInterrupt(NettyAsyncHttpProvider.java:1587) ~[na:na]
	at com.ning.http.client.providers.netty.NettyAsyncHttpProvider.messageReceived(NettyAsyncHttpProvider.java:1242) ~[na:na]
	at org.jboss.netty.channel.SimpleChannelUpstreamHandler.handleUpstream(SimpleChannelUpstreamHandler.java:80) ~[na:na]
	at org.jboss.netty.channel.DefaultChannelPipeline.sendUpstream(DefaultChannelPipeline.java:564) ~[na:na]
	at org.jboss.netty.channel.DefaultChannelPipeline$DefaultChannelHandlerContext.sendUpstream(DefaultChannelPipeline.java:783) ~[na:na]
	at org.jboss.netty.handler.stream.ChunkedWriteHandler.handleUpstream(ChunkedWriteHandler.java:149) ~[na:na]
	at org.jboss.netty.channel.DefaultChannelPipeline.sendUpstream(DefaultChannelPipeline.java:564) ~[na:na]
	at org.jboss.netty.channel.DefaultChannelPipeline$DefaultChannelHandlerContext.sendUpstream(DefaultChannelPipeline.java:783) ~[na:na]
	at org.jboss.netty.handler.codec.http.HttpContentDecoder.messageReceived(HttpContentDecoder.java:104) ~[na:na]
	at org.jboss.netty.channel.SimpleChannelUpstreamHandler.handleUpstream(SimpleChannelUpstreamHandler.java:80) ~[na:na]
	at org.jboss.netty.channel.DefaultChannelPipeline.sendUpstream(DefaultChannelPipeline.java:564) ~[na:na]
	at org.jboss.netty.channel.DefaultChannelPipeline$DefaultChannelHandlerContext.sendUpstream(DefaultChannelPipeline.java:783) ~[na:na]
	at org.jboss.netty.channel.Channels.fireMessageReceived(Channels.java:302) ~[na:na]
	at org.jboss.netty.handler.codec.replay.ReplayingDecoder.unfoldAndFireMessageReceived(ReplayingDecoder.java:522) ~[na:na]
	at org.jboss.netty.handler.codec.replay.ReplayingDecoder.callDecode(ReplayingDecoder.java:506) ~[na:na]
	at org.jboss.netty.handler.codec.replay.ReplayingDecoder.messageReceived(ReplayingDecoder.java:443) ~[na:na]
	at org.jboss.netty.channel.SimpleChannelUpstreamHandler.handleUpstream(SimpleChannelUpstreamHandler.java:80) ~[na:na]
	at org.jboss.netty.handler.codec.http.HttpClientCodec.handleUpstream(HttpClientCodec.java:77) ~[na:na]
	at org.jboss.netty.channel.DefaultChannelPipeline.sendUpstream(DefaultChannelPipeline.java:564) ~[na:na]
	at org.jboss.netty.channel.DefaultChannelPipeline.sendUpstream(DefaultChannelPipeline.java:559) ~[na:na]
	at org.jboss.netty.channel.Channels.fireMessageReceived(Channels.java:274) ~[na:na]
	at org.jboss.netty.channel.Channels.fireMessageReceived(Channels.java:261) ~[na:na]
	at org.jboss.netty.channel.socket.nio.NioWorker.read(NioWorker.java:349) ~[na:na]
	at org.jboss.netty.channel.socket.nio.NioWorker.processSelectedKeys(NioWorker.java:280) ~[na:na]
	at org.jboss.netty.channel.socket.nio.NioWorker.run(NioWorker.java:200) ~[na:na]
	at org.jboss.netty.util.ThreadRenamingRunnable.run(ThreadRenamingRunnable.java:108) ~[na:na]
	at org.jboss.netty.util.internal.DeadLockProofWorker$1.run(DeadLockProofWorker.java:44) ~[na:na]
	at java.util.concurrent.ThreadPoolExecutor.runWorker(ThreadPoolExecutor.java:1145) ~[na:1.7.0_45]
	at java.util.concurrent.ThreadPoolExecutor$Worker.run(ThreadPoolExecutor.java:615) ~[na:1.7.0_45]
	at java.lang.Thread.run(Thread.java:744) ~[na:1.7.0_45]
2020-06-24 21:14:42,226 [Worker-4] WARN  o.e.m.c.i.embedder.EclipseLogger - Failed to retrieve plugin descriptor for org.apache.maven.plugins:maven-clean-plugin:2.4.1: Plugin org.apache.maven.plugins:maven-clean-plugin:2.4.1 or one of its dependencies could not be resolved: Failed to read artifact descriptor for org.apache.maven.plugins:maven-clean-plugin:jar:2.4.1
2020-06-24 21:14:42,234 [Worker-4] WARN  o.e.m.c.i.embedder.EclipseLogger - Failed to retrieve plugin descriptor for org.apache.maven.plugins:maven-install-plugin:2.3.1: Plugin org.apache.maven.plugins:maven-install-plugin:2.3.1 or one of its dependencies could not be resolved: Failed to read artifact descriptor for org.apache.maven.plugins:maven-install-plugin:jar:2.3.1
2020-06-24 21:14:42,242 [Worker-4] WARN  o.e.m.c.i.embedder.EclipseLogger - Failed to retrieve plugin descriptor for org.apache.maven.plugins:maven-deploy-plugin:2.7: Plugin org.apache.maven.plugins:maven-deploy-plugin:2.7 or one of its dependencies could not be resolved: Failed to read artifact descriptor for org.apache.maven.plugins:maven-deploy-plugin:jar:2.7
2020-06-24 21:14:42,250 [Worker-4] WARN  o.e.m.c.i.embedder.EclipseLogger - Failed to retrieve plugin descriptor for org.apache.maven.plugins:maven-site-plugin:3.0: Plugin org.apache.maven.plugins:maven-site-plugin:3.0 or one of its dependencies could not be resolved: Failed to read artifact descriptor for org.apache.maven.plugins:maven-site-plugin:jar:3.0
2020-06-24 21:14:42,258 [Worker-4] WARN  o.e.m.c.i.embedder.EclipseLogger - Failed to retrieve plugin descriptor for org.apache.maven.plugins:maven-antrun-plugin:1.3: Plugin org.apache.maven.plugins:maven-antrun-plugin:1.3 or one of its dependencies could not be resolved: Failed to read artifact descriptor for org.apache.maven.plugins:maven-antrun-plugin:jar:1.3
2020-06-24 21:14:42,267 [Worker-4] WARN  o.e.m.c.i.embedder.EclipseLogger - Failed to retrieve plugin descriptor for org.apache.maven.plugins:maven-assembly-plugin:2.2-beta-5: Plugin org.apache.maven.plugins:maven-assembly-plugin:2.2-beta-5 or one of its dependencies could not be resolved: Failed to read artifact descriptor for org.apache.maven.plugins:maven-assembly-plugin:jar:2.2-beta-5
2020-06-24 21:14:42,275 [Worker-4] WARN  o.e.m.c.i.embedder.EclipseLogger - Failed to retrieve plugin descriptor for org.apache.maven.plugins:maven-dependency-plugin:2.1: Plugin org.apache.maven.plugins:maven-dependency-plugin:2.1 or one of its dependencies could not be resolved: Failed to read artifact descriptor for org.apache.maven.plugins:maven-dependency-plugin:jar:2.1
2020-06-24 21:14:42,282 [Worker-4] WARN  o.e.m.c.i.embedder.EclipseLogger - Failed to retrieve plugin descriptor for org.apache.maven.plugins:maven-release-plugin:2.0: Plugin org.apache.maven.plugins:maven-release-plugin:2.0 or one of its dependencies could not be resolved: Failed to read artifact descriptor for org.apache.maven.plugins:maven-release-plugin:jar:2.0
2020-06-24 21:14:42,294 [Worker-4] WARN  o.e.m.c.i.embedder.EclipseLogger - Failure to transfer org.apache.maven.plugins/maven-metadata.xml from http://repo.maven.apache.org/maven2 was cached in the local repository, resolution will not be reattempted until the update interval of central has elapsed or updates are forced. Original error: Could not transfer metadata org.apache.maven.plugins/maven-metadata.xml from/to central (http://repo.maven.apache.org/maven2): Failed to transfer http://repo.maven.apache.org/maven2/org/apache/maven/plugins/maven-metadata.xml. Error code 501, HTTPS Required
2020-06-24 21:14:42,300 [Worker-4] WARN  o.e.m.c.i.embedder.EclipseLogger - Failure to transfer org.codehaus.mojo/maven-metadata.xml from http://repo.maven.apache.org/maven2 was cached in the local repository, resolution will not be reattempted until the update interval of central has elapsed or updates are forced. Original error: Could not transfer metadata org.codehaus.mojo/maven-metadata.xml from/to central (http://repo.maven.apache.org/maven2): Failed to transfer http://repo.maven.apache.org/maven2/org/codehaus/mojo/maven-metadata.xml. Error code 501, HTTPS Required
2020-06-24 21:14:42,329 [pool-3-thread-1] INFO  c.n.h.c.p.n.NettyAsyncHttpProvider - Number of application's worked threads is 16
2020-06-24 21:14:42,329 [pool-3-thread-2] INFO  c.n.h.c.p.n.NettyAsyncHttpProvider - Number of application's worked threads is 16
2020-06-24 21:14:43,843 [New I/O client worker #2-1] INFO  o.e.m.c.i.e.AbstractTransferListenerAdapter - Downloaded http://repo.maven.apache.org/maven2/org/apache/maven/plugins/maven-metadata.xml
2020-06-24 21:15:42,610 [AsyncHttpClient-Reaper] INFO  o.e.m.c.i.e.AbstractTransferListenerAdapter - Downloaded http://repo.maven.apache.org/maven2/org/codehaus/mojo/maven-metadata.xml
2020-06-24 21:15:42,619 [Worker-4] WARN  o.e.m.c.i.embedder.EclipseLogger - Could not transfer metadata org.apache.maven.plugins/maven-metadata.xml from/to central (http://repo.maven.apache.org/maven2): Failed to transfer http://repo.maven.apache.org/maven2/org/apache/maven/plugins/maven-metadata.xml. Error code 501, HTTPS Required
2020-06-24 21:15:42,622 [Worker-4] WARN  o.e.m.c.i.embedder.EclipseLogger - Could not transfer metadata org.codehaus.mojo/maven-metadata.xml from/to central (http://repo.maven.apache.org/maven2): No response received after 60000
2020-06-24 21:15:42,646 [Worker-4] WARN  o.e.m.c.i.embedder.EclipseLogger - Failed to retrieve plugin descriptor for org.apache.maven.plugins:maven-clean-plugin:2.4.1: Plugin org.apache.maven.plugins:maven-clean-plugin:2.4.1 or one of its dependencies could not be resolved: Failed to read artifact descriptor for org.apache.maven.plugins:maven-clean-plugin:jar:2.4.1
2020-06-24 21:15:42,650 [Worker-4] WARN  o.e.m.c.i.embedder.EclipseLogger - Failed to retrieve plugin descriptor for org.apache.maven.plugins:maven-install-plugin:2.3.1: Plugin org.apache.maven.plugins:maven-install-plugin:2.3.1 or one of its dependencies could not be resolved: Failed to read artifact descriptor for org.apache.maven.plugins:maven-install-plugin:jar:2.3.1
2020-06-24 21:15:42,653 [Worker-4] WARN  o.e.m.c.i.embedder.EclipseLogger - Failed to retrieve plugin descriptor for org.apache.maven.plugins:maven-deploy-plugin:2.7: Plugin org.apache.maven.plugins:maven-deploy-plugin:2.7 or one of its dependencies could not be resolved: Failed to read artifact descriptor for org.apache.maven.plugins:maven-deploy-plugin:jar:2.7
2020-06-24 21:15:42,658 [Worker-4] WARN  o.e.m.c.i.embedder.EclipseLogger - Failed to retrieve plugin descriptor for org.apache.maven.plugins:maven-site-plugin:3.0: Plugin org.apache.maven.plugins:maven-site-plugin:3.0 or one of its dependencies could not be resolved: Failed to read artifact descriptor for org.apache.maven.plugins:maven-site-plugin:jar:3.0
2020-06-24 21:15:42,663 [Worker-4] WARN  o.e.m.c.i.embedder.EclipseLogger - Failed to retrieve plugin descriptor for org.apache.maven.plugins:maven-antrun-plugin:1.3: Plugin org.apache.maven.plugins:maven-antrun-plugin:1.3 or one of its dependencies could not be resolved: Failed to read artifact descriptor for org.apache.maven.plugins:maven-antrun-plugin:jar:1.3
2020-06-24 21:15:42,667 [Worker-4] WARN  o.e.m.c.i.embedder.EclipseLogger - Failed to retrieve plugin descriptor for org.apache.maven.plugins:maven-assembly-plugin:2.2-beta-5: Plugin org.apache.maven.plugins:maven-assembly-plugin:2.2-beta-5 or one of its dependencies could not be resolved: Failed to read artifact descriptor for org.apache.maven.plugins:maven-assembly-plugin:jar:2.2-beta-5
2020-06-24 21:15:42,672 [Worker-4] WARN  o.e.m.c.i.embedder.EclipseLogger - Failed to retrieve plugin descriptor for org.apache.maven.plugins:maven-dependency-plugin:2.1: Plugin org.apache.maven.plugins:maven-dependency-plugin:2.1 or one of its dependencies could not be resolved: Failed to read artifact descriptor for org.apache.maven.plugins:maven-dependency-plugin:jar:2.1
2020-06-24 21:15:42,677 [Worker-4] WARN  o.e.m.c.i.embedder.EclipseLogger - Failed to retrieve plugin descriptor for org.apache.maven.plugins:maven-release-plugin:2.0: Plugin org.apache.maven.plugins:maven-release-plugin:2.0 or one of its dependencies could not be resolved: Failed to read artifact descriptor for org.apache.maven.plugins:maven-release-plugin:jar:2.0
2020-06-24 21:15:42,682 [Worker-4] WARN  o.e.m.c.i.embedder.EclipseLogger - Failure to transfer org.apache.maven.plugins/maven-metadata.xml from http://repo.maven.apache.org/maven2 was cached in the local repository, resolution will not be reattempted until the update interval of central has elapsed or updates are forced. Original error: Could not transfer metadata org.apache.maven.plugins/maven-metadata.xml from/to central (http://repo.maven.apache.org/maven2): Failed to transfer http://repo.maven.apache.org/maven2/org/apache/maven/plugins/maven-metadata.xml. Error code 501, HTTPS Required
2020-06-24 21:15:42,684 [Worker-4] WARN  o.e.m.c.i.embedder.EclipseLogger - Failure to transfer org.codehaus.mojo/maven-metadata.xml from http://repo.maven.apache.org/maven2 was cached in the local repository, resolution will not be reattempted until the update interval of central has elapsed or updates are forced. Original error: Could not transfer metadata org.codehaus.mojo/maven-metadata.xml from/to central (http://repo.maven.apache.org/maven2): No response received after 60000
2020-06-24 21:15:42,689 [pool-6-thread-1] INFO  c.n.h.c.p.n.NettyAsyncHttpProvider - Number of application's worked threads is 16
2020-06-24 21:15:42,689 [pool-6-thread-2] INFO  c.n.h.c.p.n.NettyAsyncHttpProvider - Number of application's worked threads is 16
2020-06-24 21:15:44,616 [New I/O client worker #5-1] INFO  o.e.m.c.i.e.AbstractTransferListenerAdapter - Downloaded http://repo.maven.apache.org/maven2/org/codehaus/mojo/maven-metadata.xml
2020-06-24 21:16:42,999 [AsyncHttpClient-Reaper] INFO  o.e.m.c.i.e.AbstractTransferListenerAdapter - Downloaded http://repo.maven.apache.org/maven2/org/apache/maven/plugins/maven-metadata.xml
2020-06-24 21:16:43,006 [Worker-4] WARN  o.e.m.c.i.embedder.EclipseLogger - Could not transfer metadata org.apache.maven.plugins/maven-metadata.xml from/to central (http://repo.maven.apache.org/maven2): No response received after 60000
2020-06-24 21:16:43,008 [Worker-4] WARN  o.e.m.c.i.embedder.EclipseLogger - Could not transfer metadata org.codehaus.mojo/maven-metadata.xml from/to central (http://repo.maven.apache.org/maven2): Failed to transfer http://repo.maven.apache.org/maven2/org/codehaus/mojo/maven-metadata.xml. Error code 501, HTTPS Required
2020-06-24 21:16:43,035 [Worker-4] WARN  o.e.m.c.i.embedder.EclipseLogger - Failed to retrieve plugin descriptor for org.apache.maven.plugins:maven-clean-plugin:2.4.1: Plugin org.apache.maven.plugins:maven-clean-plugin:2.4.1 or one of its dependencies could not be resolved: Failed to read artifact descriptor for org.apache.maven.plugins:maven-clean-plugin:jar:2.4.1
2020-06-24 21:16:43,039 [Worker-4] WARN  o.e.m.c.i.embedder.EclipseLogger - Failed to retrieve plugin descriptor for org.apache.maven.plugins:maven-install-plugin:2.3.1: Plugin org.apache.maven.plugins:maven-install-plugin:2.3.1 or one of its dependencies could not be resolved: Failed to read artifact descriptor for org.apache.maven.plugins:maven-install-plugin:jar:2.3.1
2020-06-24 21:16:43,044 [Worker-4] WARN  o.e.m.c.i.embedder.EclipseLogger - Failed to retrieve plugin descriptor for org.apache.maven.plugins:maven-deploy-plugin:2.7: Plugin org.apache.maven.plugins:maven-deploy-plugin:2.7 or one of its dependencies could not be resolved: Failed to read artifact descriptor for org.apache.maven.plugins:maven-deploy-plugin:jar:2.7
2020-06-24 21:16:43,049 [Worker-4] WARN  o.e.m.c.i.embedder.EclipseLogger - Failed to retrieve plugin descriptor for org.apache.maven.plugins:maven-site-plugin:3.0: Plugin org.apache.maven.plugins:maven-site-plugin:3.0 or one of its dependencies could not be resolved: Failed to read artifact descriptor for org.apache.maven.plugins:maven-site-plugin:jar:3.0
2020-06-24 21:16:43,052 [Worker-4] WARN  o.e.m.c.i.embedder.EclipseLogger - Failed to retrieve plugin descriptor for org.apache.maven.plugins:maven-antrun-plugin:1.3: Plugin org.apache.maven.plugins:maven-antrun-plugin:1.3 or one of its dependencies could not be resolved: Failed to read artifact descriptor for org.apache.maven.plugins:maven-antrun-plugin:jar:1.3
2020-06-24 21:16:43,057 [Worker-4] WARN  o.e.m.c.i.embedder.EclipseLogger - Failed to retrieve plugin descriptor for org.apache.maven.plugins:maven-assembly-plugin:2.2-beta-5: Plugin org.apache.maven.plugins:maven-assembly-plugin:2.2-beta-5 or one of its dependencies could not be resolved: Failed to read artifact descriptor for org.apache.maven.plugins:maven-assembly-plugin:jar:2.2-beta-5
2020-06-24 21:16:43,064 [Worker-4] WARN  o.e.m.c.i.embedder.EclipseLogger - Failed to retrieve plugin descriptor for org.apache.maven.plugins:maven-dependency-plugin:2.1: Plugin org.apache.maven.plugins:maven-dependency-plugin:2.1 or one of its dependencies could not be resolved: Failed to read artifact descriptor for org.apache.maven.plugins:maven-dependency-plugin:jar:2.1
2020-06-24 21:16:43,069 [Worker-4] WARN  o.e.m.c.i.embedder.EclipseLogger - Failed to retrieve plugin descriptor for org.apache.maven.plugins:maven-release-plugin:2.0: Plugin org.apache.maven.plugins:maven-release-plugin:2.0 or one of its dependencies could not be resolved: Failed to read artifact descriptor for org.apache.maven.plugins:maven-release-plugin:jar:2.0
2020-06-24 21:16:43,071 [Worker-4] WARN  o.e.m.c.i.embedder.EclipseLogger - Failure to transfer org.apache.maven.plugins/maven-metadata.xml from http://repo.maven.apache.org/maven2 was cached in the local repository, resolution will not be reattempted until the update interval of central has elapsed or updates are forced. Original error: Could not transfer metadata org.apache.maven.plugins/maven-metadata.xml from/to central (http://repo.maven.apache.org/maven2): No response received after 60000
2020-06-24 21:16:43,076 [Worker-4] WARN  o.e.m.c.i.embedder.EclipseLogger - Failure to transfer org.codehaus.mojo/maven-metadata.xml from http://repo.maven.apache.org/maven2 was cached in the local repository, resolution will not be reattempted until the update interval of central has elapsed or updates are forced. Original error: Could not transfer metadata org.codehaus.mojo/maven-metadata.xml from/to central (http://repo.maven.apache.org/maven2): Failed to transfer http://repo.maven.apache.org/maven2/org/codehaus/mojo/maven-metadata.xml. Error code 501, HTTPS Required
2020-06-24 21:16:43,085 [pool-9-thread-1] INFO  c.n.h.c.p.n.NettyAsyncHttpProvider - Number of application's worked threads is 16
2020-06-24 21:16:43,085 [pool-9-thread-2] INFO  c.n.h.c.p.n.NettyAsyncHttpProvider - Number of application's worked threads is 16
2020-06-24 21:16:44,588 [New I/O client worker #7-1] INFO  o.e.m.c.i.e.AbstractTransferListenerAdapter - Downloaded http://repo.maven.apache.org/maven2/org/codehaus/mojo/maven-metadata.xml
2020-06-24 21:16:45,870 [New I/O client worker #6-1] INFO  o.e.m.c.i.e.AbstractTransferListenerAdapter - Downloaded http://repo.maven.apache.org/maven2/org/apache/maven/plugins/maven-metadata.xml
2020-06-24 21:16:45,879 [Worker-4] WARN  o.e.m.c.i.embedder.EclipseLogger - Could not transfer metadata org.apache.maven.plugins/maven-metadata.xml from/to central (http://repo.maven.apache.org/maven2): Failed to transfer http://repo.maven.apache.org/maven2/org/apache/maven/plugins/maven-metadata.xml. Error code 501, HTTPS Required
2020-06-24 21:16:45,880 [Worker-4] WARN  o.e.m.c.i.embedder.EclipseLogger - Could not transfer metadata org.codehaus.mojo/maven-metadata.xml from/to central (http://repo.maven.apache.org/maven2): Failed to transfer http://repo.maven.apache.org/maven2/org/codehaus/mojo/maven-metadata.xml. Error code 501, HTTPS Required
2020-06-24 21:16:45,904 [Worker-4] WARN  o.e.m.c.i.embedder.EclipseLogger - Failed to retrieve plugin descriptor for org.apache.maven.plugins:maven-clean-plugin:2.4.1: Plugin org.apache.maven.plugins:maven-clean-plugin:2.4.1 or one of its dependencies could not be resolved: Failed to read artifact descriptor for org.apache.maven.plugins:maven-clean-plugin:jar:2.4.1
2020-06-24 21:16:45,911 [Worker-4] WARN  o.e.m.c.i.embedder.EclipseLogger - Failed to retrieve plugin descriptor for org.apache.maven.plugins:maven-install-plugin:2.3.1: Plugin org.apache.maven.plugins:maven-install-plugin:2.3.1 or one of its dependencies could not be resolved: Failed to read artifact descriptor for org.apache.maven.plugins:maven-install-plugin:jar:2.3.1
2020-06-24 21:16:45,916 [Worker-4] WARN  o.e.m.c.i.embedder.EclipseLogger - Failed to retrieve plugin descriptor for org.apache.maven.plugins:maven-deploy-plugin:2.7: Plugin org.apache.maven.plugins:maven-deploy-plugin:2.7 or one of its dependencies could not be resolved: Failed to read artifact descriptor for org.apache.maven.plugins:maven-deploy-plugin:jar:2.7
2020-06-24 21:16:45,919 [Worker-4] WARN  o.e.m.c.i.embedder.EclipseLogger - Failed to retrieve plugin descriptor for org.apache.maven.plugins:maven-site-plugin:3.0: Plugin org.apache.maven.plugins:maven-site-plugin:3.0 or one of its dependencies could not be resolved: Failed to read artifact descriptor for org.apache.maven.plugins:maven-site-plugin:jar:3.0
2020-06-24 21:16:45,924 [Worker-4] WARN  o.e.m.c.i.embedder.EclipseLogger - Failed to retrieve plugin descriptor for org.apache.maven.plugins:maven-antrun-plugin:1.3: Plugin org.apache.maven.plugins:maven-antrun-plugin:1.3 or one of its dependencies could not be resolved: Failed to read artifact descriptor for org.apache.maven.plugins:maven-antrun-plugin:jar:1.3
2020-06-24 21:16:45,933 [Worker-4] WARN  o.e.m.c.i.embedder.EclipseLogger - Failed to retrieve plugin descriptor for org.apache.maven.plugins:maven-assembly-plugin:2.2-beta-5: Plugin org.apache.maven.plugins:maven-assembly-plugin:2.2-beta-5 or one of its dependencies could not be resolved: Failed to read artifact descriptor for org.apache.maven.plugins:maven-assembly-plugin:jar:2.2-beta-5
2020-06-24 21:16:45,938 [Worker-4] WARN  o.e.m.c.i.embedder.EclipseLogger - Failed to retrieve plugin descriptor for org.apache.maven.plugins:maven-dependency-plugin:2.1: Plugin org.apache.maven.plugins:maven-dependency-plugin:2.1 or one of its dependencies could not be resolved: Failed to read artifact descriptor for org.apache.maven.plugins:maven-dependency-plugin:jar:2.1
2020-06-24 21:16:45,947 [Worker-4] WARN  o.e.m.c.i.embedder.EclipseLogger - Failed to retrieve plugin descriptor for org.apache.maven.plugins:maven-release-plugin:2.0: Plugin org.apache.maven.plugins:maven-release-plugin:2.0 or one of its dependencies could not be resolved: Failed to read artifact descriptor for org.apache.maven.plugins:maven-release-plugin:jar:2.0
2020-06-24 21:16:45,952 [Worker-4] WARN  o.e.m.c.i.embedder.EclipseLogger - Failure to transfer org.apache.maven.plugins/maven-metadata.xml from http://repo.maven.apache.org/maven2 was cached in the local repository, resolution will not be reattempted until the update interval of central has elapsed or updates are forced. Original error: Could not transfer metadata org.apache.maven.plugins/maven-metadata.xml from/to central (http://repo.maven.apache.org/maven2): Failed to transfer http://repo.maven.apache.org/maven2/org/apache/maven/plugins/maven-metadata.xml. Error code 501, HTTPS Required
2020-06-24 21:16:45,956 [Worker-4] WARN  o.e.m.c.i.embedder.EclipseLogger - Failure to transfer org.codehaus.mojo/maven-metadata.xml from http://repo.maven.apache.org/maven2 was cached in the local repository, resolution will not be reattempted until the update interval of central has elapsed or updates are forced. Original error: Could not transfer metadata org.codehaus.mojo/maven-metadata.xml from/to central (http://repo.maven.apache.org/maven2): Failed to transfer http://repo.maven.apache.org/maven2/org/codehaus/mojo/maven-metadata.xml. Error code 501, HTTPS Required
2020-06-24 21:16:45,962 [pool-12-thread-1] INFO  c.n.h.c.p.n.NettyAsyncHttpProvider - Number of application's worked threads is 16
2020-06-24 21:16:45,962 [pool-12-thread-2] INFO  c.n.h.c.p.n.NettyAsyncHttpProvider - Number of application's worked threads is 16
2020-06-24 21:16:46,377 [New I/O client worker #9-1] INFO  o.e.m.c.i.e.AbstractTransferListenerAdapter - Downloaded http://repo.maven.apache.org/maven2/org/codehaus/mojo/maven-metadata.xml
2020-06-24 21:17:47,172 [AsyncHttpClient-Reaper] INFO  o.e.m.c.i.e.AbstractTransferListenerAdapter - Downloaded http://repo.maven.apache.org/maven2/org/apache/maven/plugins/maven-metadata.xml
2020-06-24 21:17:47,183 [Worker-4] WARN  o.e.m.c.i.embedder.EclipseLogger - Could not transfer metadata org.apache.maven.plugins/maven-metadata.xml from/to central (http://repo.maven.apache.org/maven2): No response received after 60000
2020-06-24 21:17:47,184 [Worker-4] WARN  o.e.m.c.i.embedder.EclipseLogger - Could not transfer metadata org.codehaus.mojo/maven-metadata.xml from/to central (http://repo.maven.apache.org/maven2): Failed to transfer http://repo.maven.apache.org/maven2/org/codehaus/mojo/maven-metadata.xml. Error code 501, HTTPS Required
2020-06-24 21:17:47,202 [Worker-4] WARN  o.e.m.c.i.embedder.EclipseLogger - Failed to retrieve plugin descriptor for org.apache.maven.plugins:maven-clean-plugin:2.4.1: Plugin org.apache.maven.plugins:maven-clean-plugin:2.4.1 or one of its dependencies could not be resolved: Failed to read artifact descriptor for org.apache.maven.plugins:maven-clean-plugin:jar:2.4.1
2020-06-24 21:17:47,206 [Worker-4] WARN  o.e.m.c.i.embedder.EclipseLogger - Failed to retrieve plugin descriptor for org.apache.maven.plugins:maven-install-plugin:2.3.1: Plugin org.apache.maven.plugins:maven-install-plugin:2.3.1 or one of its dependencies could not be resolved: Failed to read artifact descriptor for org.apache.maven.plugins:maven-install-plugin:jar:2.3.1
2020-06-24 21:17:47,212 [Worker-4] WARN  o.e.m.c.i.embedder.EclipseLogger - Failed to retrieve plugin descriptor for org.apache.maven.plugins:maven-deploy-plugin:2.7: Plugin org.apache.maven.plugins:maven-deploy-plugin:2.7 or one of its dependencies could not be resolved: Failed to read artifact descriptor for org.apache.maven.plugins:maven-deploy-plugin:jar:2.7
2020-06-24 21:17:47,216 [Worker-4] WARN  o.e.m.c.i.embedder.EclipseLogger - Failed to retrieve plugin descriptor for org.apache.maven.plugins:maven-site-plugin:3.0: Plugin org.apache.maven.plugins:maven-site-plugin:3.0 or one of its dependencies could not be resolved: Failed to read artifact descriptor for org.apache.maven.plugins:maven-site-plugin:jar:3.0
2020-06-24 21:17:47,219 [Worker-4] WARN  o.e.m.c.i.embedder.EclipseLogger - Failed to retrieve plugin descriptor for org.apache.maven.plugins:maven-antrun-plugin:1.3: Plugin org.apache.maven.plugins:maven-antrun-plugin:1.3 or one of its dependencies could not be resolved: Failed to read artifact descriptor for org.apache.maven.plugins:maven-antrun-plugin:jar:1.3
2020-06-24 21:17:47,224 [Worker-4] WARN  o.e.m.c.i.embedder.EclipseLogger - Failed to retrieve plugin descriptor for org.apache.maven.plugins:maven-assembly-plugin:2.2-beta-5: Plugin org.apache.maven.plugins:maven-assembly-plugin:2.2-beta-5 or one of its dependencies could not be resolved: Failed to read artifact descriptor for org.apache.maven.plugins:maven-assembly-plugin:jar:2.2-beta-5
2020-06-24 21:17:47,228 [Worker-4] WARN  o.e.m.c.i.embedder.EclipseLogger - Failed to retrieve plugin descriptor for org.apache.maven.plugins:maven-dependency-plugin:2.1: Plugin org.apache.maven.plugins:maven-dependency-plugin:2.1 or one of its dependencies could not be resolved: Failed to read artifact descriptor for org.apache.maven.plugins:maven-dependency-plugin:jar:2.1
2020-06-24 21:17:47,232 [Worker-4] WARN  o.e.m.c.i.embedder.EclipseLogger - Failed to retrieve plugin descriptor for org.apache.maven.plugins:maven-release-plugin:2.0: Plugin org.apache.maven.plugins:maven-release-plugin:2.0 or one of its dependencies could not be resolved: Failed to read artifact descriptor for org.apache.maven.plugins:maven-release-plugin:jar:2.0
2020-06-24 21:17:47,234 [Worker-4] WARN  o.e.m.c.i.embedder.EclipseLogger - Failure to transfer org.apache.maven.plugins/maven-metadata.xml from http://repo.maven.apache.org/maven2 was cached in the local repository, resolution will not be reattempted until the update interval of central has elapsed or updates are forced. Original error: Could not transfer metadata org.apache.maven.plugins/maven-metadata.xml from/to central (http://repo.maven.apache.org/maven2): No response received after 60000
2020-06-24 21:17:47,237 [Worker-4] WARN  o.e.m.c.i.embedder.EclipseLogger - Failure to transfer org.codehaus.mojo/maven-metadata.xml from http://repo.maven.apache.org/maven2 was cached in the local repository, resolution will not be reattempted until the update interval of central has elapsed or updates are forced. Original error: Could not transfer metadata org.codehaus.mojo/maven-metadata.xml from/to central (http://repo.maven.apache.org/maven2): Failed to transfer http://repo.maven.apache.org/maven2/org/codehaus/mojo/maven-metadata.xml. Error code 501, HTTPS Required
2020-06-24 21:17:47,242 [pool-15-thread-1] INFO  c.n.h.c.p.n.NettyAsyncHttpProvider - Number of application's worked threads is 16
2020-06-24 21:17:47,243 [pool-15-thread-2] INFO  c.n.h.c.p.n.NettyAsyncHttpProvider - Number of application's worked threads is 16
2020-06-24 21:17:48,862 [New I/O client worker #10-1] INFO  o.e.m.c.i.e.AbstractTransferListenerAdapter - Downloaded http://repo.maven.apache.org/maven2/org/apache/maven/plugins/maven-metadata.xml
2020-06-24 21:18:48,683 [AsyncHttpClient-Reaper] INFO  o.e.m.c.i.e.AbstractTransferListenerAdapter - Downloaded http://repo.maven.apache.org/maven2/org/codehaus/mojo/maven-metadata.xml
2020-06-24 21:18:48,690 [Worker-4] WARN  o.e.m.c.i.embedder.EclipseLogger - Could not transfer metadata org.apache.maven.plugins/maven-metadata.xml from/to central (http://repo.maven.apache.org/maven2): Failed to transfer http://repo.maven.apache.org/maven2/org/apache/maven/plugins/maven-metadata.xml. Error code 501, HTTPS Required
2020-06-24 21:18:48,691 [Worker-4] WARN  o.e.m.c.i.embedder.EclipseLogger - Could not transfer metadata org.codehaus.mojo/maven-metadata.xml from/to central (http://repo.maven.apache.org/maven2): No response received after 60000
2020-06-24 21:18:48,729 [Worker-4] WARN  o.e.m.c.i.embedder.EclipseLogger - Failed to retrieve plugin descriptor for org.apache.maven.plugins:maven-clean-plugin:2.4.1: Plugin org.apache.maven.plugins:maven-clean-plugin:2.4.1 or one of its dependencies could not be resolved: Failed to read artifact descriptor for org.apache.maven.plugins:maven-clean-plugin:jar:2.4.1
2020-06-24 21:18:48,733 [Worker-4] WARN  o.e.m.c.i.embedder.EclipseLogger - Failed to retrieve plugin descriptor for org.apache.maven.plugins:maven-install-plugin:2.3.1: Plugin org.apache.maven.plugins:maven-install-plugin:2.3.1 or one of its dependencies could not be resolved: Failed to read artifact descriptor for org.apache.maven.plugins:maven-install-plugin:jar:2.3.1
2020-06-24 21:18:48,736 [Worker-4] WARN  o.e.m.c.i.embedder.EclipseLogger - Failed to retrieve plugin descriptor for org.apache.maven.plugins:maven-deploy-plugin:2.7: Plugin org.apache.maven.plugins:maven-deploy-plugin:2.7 or one of its dependencies could not be resolved: Failed to read artifact descriptor for org.apache.maven.plugins:maven-deploy-plugin:jar:2.7
2020-06-24 21:18:48,741 [Worker-4] WARN  o.e.m.c.i.embedder.EclipseLogger - Failed to retrieve plugin descriptor for org.apache.maven.plugins:maven-site-plugin:3.0: Plugin org.apache.maven.plugins:maven-site-plugin:3.0 or one of its dependencies could not be resolved: Failed to read artifact descriptor for org.apache.maven.plugins:maven-site-plugin:jar:3.0
2020-06-24 21:18:48,745 [Worker-4] WARN  o.e.m.c.i.embedder.EclipseLogger - Failed to retrieve plugin descriptor for org.apache.maven.plugins:maven-antrun-plugin:1.3: Plugin org.apache.maven.plugins:maven-antrun-plugin:1.3 or one of its dependencies could not be resolved: Failed to read artifact descriptor for org.apache.maven.plugins:maven-antrun-plugin:jar:1.3
2020-06-24 21:18:48,748 [Worker-4] WARN  o.e.m.c.i.embedder.EclipseLogger - Failed to retrieve plugin descriptor for org.apache.maven.plugins:maven-assembly-plugin:2.2-beta-5: Plugin org.apache.maven.plugins:maven-assembly-plugin:2.2-beta-5 or one of its dependencies could not be resolved: Failed to read artifact descriptor for org.apache.maven.plugins:maven-assembly-plugin:jar:2.2-beta-5
2020-06-24 21:18:48,751 [Worker-4] WARN  o.e.m.c.i.embedder.EclipseLogger - Failed to retrieve plugin descriptor for org.apache.maven.plugins:maven-dependency-plugin:2.1: Plugin org.apache.maven.plugins:maven-dependency-plugin:2.1 or one of its dependencies could not be resolved: Failed to read artifact descriptor for org.apache.maven.plugins:maven-dependency-plugin:jar:2.1
2020-06-24 21:18:48,755 [Worker-4] WARN  o.e.m.c.i.embedder.EclipseLogger - Failed to retrieve plugin descriptor for org.apache.maven.plugins:maven-release-plugin:2.0: Plugin org.apache.maven.plugins:maven-release-plugin:2.0 or one of its dependencies could not be resolved: Failed to read artifact descriptor for org.apache.maven.plugins:maven-release-plugin:jar:2.0
2020-06-24 21:18:48,759 [Worker-4] WARN  o.e.m.c.i.embedder.EclipseLogger - Failure to transfer org.apache.maven.plugins/maven-metadata.xml from http://repo.maven.apache.org/maven2 was cached in the local repository, resolution will not be reattempted until the update interval of central has elapsed or updates are forced. Original error: Could not transfer metadata org.apache.maven.plugins/maven-metadata.xml from/to central (http://repo.maven.apache.org/maven2): Failed to transfer http://repo.maven.apache.org/maven2/org/apache/maven/plugins/maven-metadata.xml. Error code 501, HTTPS Required
2020-06-24 21:18:48,761 [Worker-4] WARN  o.e.m.c.i.embedder.EclipseLogger - Failure to transfer org.codehaus.mojo/maven-metadata.xml from http://repo.maven.apache.org/maven2 was cached in the local repository, resolution will not be reattempted until the update interval of central has elapsed or updates are forced. Original error: Could not transfer metadata org.codehaus.mojo/maven-metadata.xml from/to central (http://repo.maven.apache.org/maven2): No response received after 60000
2020-06-24 21:18:48,765 [pool-18-thread-1] INFO  c.n.h.c.p.n.NettyAsyncHttpProvider - Number of application's worked threads is 16
2020-06-24 21:18:48,765 [pool-18-thread-2] INFO  c.n.h.c.p.n.NettyAsyncHttpProvider - Number of application's worked threads is 16
2020-06-24 21:18:50,261 [New I/O client worker #13-1] INFO  o.e.m.c.i.e.AbstractTransferListenerAdapter - Downloaded http://repo.maven.apache.org/maven2/org/codehaus/mojo/maven-metadata.xml
2020-06-24 21:18:50,467 [New I/O client worker #12-1] INFO  o.e.m.c.i.e.AbstractTransferListenerAdapter - Downloaded http://repo.maven.apache.org/maven2/org/apache/maven/plugins/maven-metadata.xml
2020-06-24 21:18:50,473 [Worker-4] WARN  o.e.m.c.i.embedder.EclipseLogger - Could not transfer metadata org.apache.maven.plugins/maven-metadata.xml from/to central (http://repo.maven.apache.org/maven2): Failed to transfer http://repo.maven.apache.org/maven2/org/apache/maven/plugins/maven-metadata.xml. Error code 501, HTTPS Required
2020-06-24 21:18:50,475 [Worker-4] WARN  o.e.m.c.i.embedder.EclipseLogger - Could not transfer metadata org.codehaus.mojo/maven-metadata.xml from/to central (http://repo.maven.apache.org/maven2): Failed to transfer http://repo.maven.apache.org/maven2/org/codehaus/mojo/maven-metadata.xml. Error code 501, HTTPS Required
2020-06-24 21:18:50,495 [Worker-4] WARN  o.e.m.c.i.embedder.EclipseLogger - Failed to retrieve plugin descriptor for org.apache.maven.plugins:maven-clean-plugin:2.4.1: Plugin org.apache.maven.plugins:maven-clean-plugin:2.4.1 or one of its dependencies could not be resolved: Failed to read artifact descriptor for org.apache.maven.plugins:maven-clean-plugin:jar:2.4.1
2020-06-24 21:18:50,500 [Worker-4] WARN  o.e.m.c.i.embedder.EclipseLogger - Failed to retrieve plugin descriptor for org.apache.maven.plugins:maven-install-plugin:2.3.1: Plugin org.apache.maven.plugins:maven-install-plugin:2.3.1 or one of its dependencies could not be resolved: Failed to read artifact descriptor for org.apache.maven.plugins:maven-install-plugin:jar:2.3.1
2020-06-24 21:18:50,504 [Worker-4] WARN  o.e.m.c.i.embedder.EclipseLogger - Failed to retrieve plugin descriptor for org.apache.maven.plugins:maven-deploy-plugin:2.7: Plugin org.apache.maven.plugins:maven-deploy-plugin:2.7 or one of its dependencies could not be resolved: Failed to read artifact descriptor for org.apache.maven.plugins:maven-deploy-plugin:jar:2.7
2020-06-24 21:18:50,508 [Worker-4] WARN  o.e.m.c.i.embedder.EclipseLogger - Failed to retrieve plugin descriptor for org.apache.maven.plugins:maven-site-plugin:3.0: Plugin org.apache.maven.plugins:maven-site-plugin:3.0 or one of its dependencies could not be resolved: Failed to read artifact descriptor for org.apache.maven.plugins:maven-site-plugin:jar:3.0
2020-06-24 21:18:50,512 [Worker-4] WARN  o.e.m.c.i.embedder.EclipseLogger - Failed to retrieve plugin descriptor for org.apache.maven.plugins:maven-antrun-plugin:1.3: Plugin org.apache.maven.plugins:maven-antrun-plugin:1.3 or one of its dependencies could not be resolved: Failed to read artifact descriptor for org.apache.maven.plugins:maven-antrun-plugin:jar:1.3
2020-06-24 21:18:50,516 [Worker-4] WARN  o.e.m.c.i.embedder.EclipseLogger - Failed to retrieve plugin descriptor for org.apache.maven.plugins:maven-assembly-plugin:2.2-beta-5: Plugin org.apache.maven.plugins:maven-assembly-plugin:2.2-beta-5 or one of its dependencies could not be resolved: Failed to read artifact descriptor for org.apache.maven.plugins:maven-assembly-plugin:jar:2.2-beta-5
2020-06-24 21:18:50,521 [Worker-4] WARN  o.e.m.c.i.embedder.EclipseLogger - Failed to retrieve plugin descriptor for org.apache.maven.plugins:maven-dependency-plugin:2.1: Plugin org.apache.maven.plugins:maven-dependency-plugin:2.1 or one of its dependencies could not be resolved: Failed to read artifact descriptor for org.apache.maven.plugins:maven-dependency-plugin:jar:2.1
2020-06-24 21:18:50,525 [Worker-4] WARN  o.e.m.c.i.embedder.EclipseLogger - Failed to retrieve plugin descriptor for org.apache.maven.plugins:maven-release-plugin:2.0: Plugin org.apache.maven.plugins:maven-release-plugin:2.0 or one of its dependencies could not be resolved: Failed to read artifact descriptor for org.apache.maven.plugins:maven-release-plugin:jar:2.0
2020-06-24 21:18:50,528 [Worker-4] WARN  o.e.m.c.i.embedder.EclipseLogger - Failure to transfer org.apache.maven.plugins/maven-metadata.xml from http://repo.maven.apache.org/maven2 was cached in the local repository, resolution will not be reattempted until the update interval of central has elapsed or updates are forced. Original error: Could not transfer metadata org.apache.maven.plugins/maven-metadata.xml from/to central (http://repo.maven.apache.org/maven2): Failed to transfer http://repo.maven.apache.org/maven2/org/apache/maven/plugins/maven-metadata.xml. Error code 501, HTTPS Required
2020-06-24 21:18:50,531 [Worker-4] WARN  o.e.m.c.i.embedder.EclipseLogger - Failure to transfer org.codehaus.mojo/maven-metadata.xml from http://repo.maven.apache.org/maven2 was cached in the local repository, resolution will not be reattempted until the update interval of central has elapsed or updates are forced. Original error: Could not transfer metadata org.codehaus.mojo/maven-metadata.xml from/to central (http://repo.maven.apache.org/maven2): Failed to transfer http://repo.maven.apache.org/maven2/org/codehaus/mojo/maven-metadata.xml. Error code 501, HTTPS Required
2020-06-24 21:18:50,535 [pool-21-thread-1] INFO  c.n.h.c.p.n.NettyAsyncHttpProvider - Number of application's worked threads is 16
2020-06-24 21:18:50,535 [pool-21-thread-2] INFO  c.n.h.c.p.n.NettyAsyncHttpProvider - Number of application's worked threads is 16
2020-06-24 21:18:52,042 [New I/O client worker #15-1] INFO  o.e.m.c.i.e.AbstractTransferListenerAdapter - Downloaded http://repo.maven.apache.org/maven2/org/codehaus/mojo/maven-metadata.xml
2020-06-24 21:18:52,122 [New I/O client worker #14-1] INFO  o.e.m.c.i.e.AbstractTransferListenerAdapter - Downloaded http://repo.maven.apache.org/maven2/org/apache/maven/plugins/maven-metadata.xml
2020-06-24 21:18:52,129 [Worker-4] WARN  o.e.m.c.i.embedder.EclipseLogger - Could not transfer metadata org.apache.maven.plugins/maven-metadata.xml from/to central (http://repo.maven.apache.org/maven2): Failed to transfer http://repo.maven.apache.org/maven2/org/apache/maven/plugins/maven-metadata.xml. Error code 501, HTTPS Required
2020-06-24 21:18:52,131 [Worker-4] WARN  o.e.m.c.i.embedder.EclipseLogger - Could not transfer metadata org.codehaus.mojo/maven-metadata.xml from/to central (http://repo.maven.apache.org/maven2): Failed to transfer http://repo.maven.apache.org/maven2/org/codehaus/mojo/maven-metadata.xml. Error code 501, HTTPS Required
2020-06-24 21:18:52,156 [Worker-4] WARN  o.e.m.c.i.embedder.EclipseLogger - Failed to retrieve plugin descriptor for org.apache.maven.plugins:maven-clean-plugin:2.4.1: Plugin org.apache.maven.plugins:maven-clean-plugin:2.4.1 or one of its dependencies could not be resolved: Failed to read artifact descriptor for org.apache.maven.plugins:maven-clean-plugin:jar:2.4.1
2020-06-24 21:18:52,160 [Worker-4] WARN  o.e.m.c.i.embedder.EclipseLogger - Failed to retrieve plugin descriptor for org.apache.maven.plugins:maven-install-plugin:2.3.1: Plugin org.apache.maven.plugins:maven-install-plugin:2.3.1 or one of its dependencies could not be resolved: Failed to read artifact descriptor for org.apache.maven.plugins:maven-install-plugin:jar:2.3.1
2020-06-24 21:18:52,165 [Worker-4] WARN  o.e.m.c.i.embedder.EclipseLogger - Failed to retrieve plugin descriptor for org.apache.maven.plugins:maven-deploy-plugin:2.7: Plugin org.apache.maven.plugins:maven-deploy-plugin:2.7 or one of its dependencies could not be resolved: Failed to read artifact descriptor for org.apache.maven.plugins:maven-deploy-plugin:jar:2.7
2020-06-24 21:18:52,173 [Worker-4] WARN  o.e.m.c.i.embedder.EclipseLogger - Failed to retrieve plugin descriptor for org.apache.maven.plugins:maven-site-plugin:3.0: Plugin org.apache.maven.plugins:maven-site-plugin:3.0 or one of its dependencies could not be resolved: Failed to read artifact descriptor for org.apache.maven.plugins:maven-site-plugin:jar:3.0
2020-06-24 21:18:52,177 [Worker-4] WARN  o.e.m.c.i.embedder.EclipseLogger - Failed to retrieve plugin descriptor for org.apache.maven.plugins:maven-antrun-plugin:1.3: Plugin org.apache.maven.plugins:maven-antrun-plugin:1.3 or one of its dependencies could not be resolved: Failed to read artifact descriptor for org.apache.maven.plugins:maven-antrun-plugin:jar:1.3
2020-06-24 21:18:52,181 [Worker-4] WARN  o.e.m.c.i.embedder.EclipseLogger - Failed to retrieve plugin descriptor for org.apache.maven.plugins:maven-assembly-plugin:2.2-beta-5: Plugin org.apache.maven.plugins:maven-assembly-plugin:2.2-beta-5 or one of its dependencies could not be resolved: Failed to read artifact descriptor for org.apache.maven.plugins:maven-assembly-plugin:jar:2.2-beta-5
2020-06-24 21:18:52,189 [Worker-4] WARN  o.e.m.c.i.embedder.EclipseLogger - Failed to retrieve plugin descriptor for org.apache.maven.plugins:maven-dependency-plugin:2.1: Plugin org.apache.maven.plugins:maven-dependency-plugin:2.1 or one of its dependencies could not be resolved: Failed to read artifact descriptor for org.apache.maven.plugins:maven-dependency-plugin:jar:2.1
2020-06-24 21:18:52,193 [Worker-4] WARN  o.e.m.c.i.embedder.EclipseLogger - Failed to retrieve plugin descriptor for org.apache.maven.plugins:maven-release-plugin:2.0: Plugin org.apache.maven.plugins:maven-release-plugin:2.0 or one of its dependencies could not be resolved: Failed to read artifact descriptor for org.apache.maven.plugins:maven-release-plugin:jar:2.0
2020-06-24 21:18:52,197 [Worker-4] WARN  o.e.m.c.i.embedder.EclipseLogger - Failure to transfer org.apache.maven.plugins/maven-metadata.xml from http://repo.maven.apache.org/maven2 was cached in the local repository, resolution will not be reattempted until the update interval of central has elapsed or updates are forced. Original error: Could not transfer metadata org.apache.maven.plugins/maven-metadata.xml from/to central (http://repo.maven.apache.org/maven2): Failed to transfer http://repo.maven.apache.org/maven2/org/apache/maven/plugins/maven-metadata.xml. Error code 501, HTTPS Required
2020-06-24 21:18:52,205 [Worker-4] WARN  o.e.m.c.i.embedder.EclipseLogger - Failure to transfer org.codehaus.mojo/maven-metadata.xml from http://repo.maven.apache.org/maven2 was cached in the local repository, resolution will not be reattempted until the update interval of central has elapsed or updates are forced. Original error: Could not transfer metadata org.codehaus.mojo/maven-metadata.xml from/to central (http://repo.maven.apache.org/maven2): Failed to transfer http://repo.maven.apache.org/maven2/org/codehaus/mojo/maven-metadata.xml. Error code 501, HTTPS Required
2020-06-24 21:18:52,211 [pool-24-thread-1] INFO  c.n.h.c.p.n.NettyAsyncHttpProvider - Number of application's worked threads is 16
2020-06-24 21:18:52,211 [pool-24-thread-2] INFO  c.n.h.c.p.n.NettyAsyncHttpProvider - Number of application's worked threads is 16
2020-06-24 21:18:52,934 [New I/O client worker #17-1] INFO  o.e.m.c.i.e.AbstractTransferListenerAdapter - Downloaded http://repo.maven.apache.org/maven2/org/codehaus/mojo/maven-metadata.xml
2020-06-24 21:18:53,385 [New I/O client worker #16-1] INFO  o.e.m.c.i.e.AbstractTransferListenerAdapter - Downloaded http://repo.maven.apache.org/maven2/org/apache/maven/plugins/maven-metadata.xml
2020-06-24 21:18:53,392 [Worker-4] WARN  o.e.m.c.i.embedder.EclipseLogger - Could not transfer metadata org.apache.maven.plugins/maven-metadata.xml from/to central (http://repo.maven.apache.org/maven2): Failed to transfer http://repo.maven.apache.org/maven2/org/apache/maven/plugins/maven-metadata.xml. Error code 501, HTTPS Required
2020-06-24 21:18:53,394 [Worker-4] WARN  o.e.m.c.i.embedder.EclipseLogger - Could not transfer metadata org.codehaus.mojo/maven-metadata.xml from/to central (http://repo.maven.apache.org/maven2): Failed to transfer http://repo.maven.apache.org/maven2/org/codehaus/mojo/maven-metadata.xml. Error code 501, HTTPS Required
2020-06-24 21:18:53,413 [Worker-4] WARN  o.e.m.c.i.embedder.EclipseLogger - Failed to retrieve plugin descriptor for org.apache.maven.plugins:maven-clean-plugin:2.4.1: Plugin org.apache.maven.plugins:maven-clean-plugin:2.4.1 or one of its dependencies could not be resolved: Failed to read artifact descriptor for org.apache.maven.plugins:maven-clean-plugin:jar:2.4.1
2020-06-24 21:18:53,417 [Worker-4] WARN  o.e.m.c.i.embedder.EclipseLogger - Failed to retrieve plugin descriptor for org.apache.maven.plugins:maven-install-plugin:2.3.1: Plugin org.apache.maven.plugins:maven-install-plugin:2.3.1 or one of its dependencies could not be resolved: Failed to read artifact descriptor for org.apache.maven.plugins:maven-install-plugin:jar:2.3.1
2020-06-24 21:18:53,422 [Worker-4] WARN  o.e.m.c.i.embedder.EclipseLogger - Failed to retrieve plugin descriptor for org.apache.maven.plugins:maven-deploy-plugin:2.7: Plugin org.apache.maven.plugins:maven-deploy-plugin:2.7 or one of its dependencies could not be resolved: Failed to read artifact descriptor for org.apache.maven.plugins:maven-deploy-plugin:jar:2.7
2020-06-24 21:18:53,427 [Worker-4] WARN  o.e.m.c.i.embedder.EclipseLogger - Failed to retrieve plugin descriptor for org.apache.maven.plugins:maven-site-plugin:3.0: Plugin org.apache.maven.plugins:maven-site-plugin:3.0 or one of its dependencies could not be resolved: Failed to read artifact descriptor for org.apache.maven.plugins:maven-site-plugin:jar:3.0
2020-06-24 21:18:53,431 [Worker-4] WARN  o.e.m.c.i.embedder.EclipseLogger - Failed to retrieve plugin descriptor for org.apache.maven.plugins:maven-antrun-plugin:1.3: Plugin org.apache.maven.plugins:maven-antrun-plugin:1.3 or one of its dependencies could not be resolved: Failed to read artifact descriptor for org.apache.maven.plugins:maven-antrun-plugin:jar:1.3
2020-06-24 21:18:53,435 [Worker-4] WARN  o.e.m.c.i.embedder.EclipseLogger - Failed to retrieve plugin descriptor for org.apache.maven.plugins:maven-assembly-plugin:2.2-beta-5: Plugin org.apache.maven.plugins:maven-assembly-plugin:2.2-beta-5 or one of its dependencies could not be resolved: Failed to read artifact descriptor for org.apache.maven.plugins:maven-assembly-plugin:jar:2.2-beta-5
2020-06-24 21:18:53,439 [Worker-4] WARN  o.e.m.c.i.embedder.EclipseLogger - Failed to retrieve plugin descriptor for org.apache.maven.plugins:maven-dependency-plugin:2.1: Plugin org.apache.maven.plugins:maven-dependency-plugin:2.1 or one of its dependencies could not be resolved: Failed to read artifact descriptor for org.apache.maven.plugins:maven-dependency-plugin:jar:2.1
2020-06-24 21:18:53,444 [Worker-4] WARN  o.e.m.c.i.embedder.EclipseLogger - Failed to retrieve plugin descriptor for org.apache.maven.plugins:maven-release-plugin:2.0: Plugin org.apache.maven.plugins:maven-release-plugin:2.0 or one of its dependencies could not be resolved: Failed to read artifact descriptor for org.apache.maven.plugins:maven-release-plugin:jar:2.0
2020-06-24 21:18:53,447 [Worker-4] WARN  o.e.m.c.i.embedder.EclipseLogger - Failure to transfer org.apache.maven.plugins/maven-metadata.xml from http://repo.maven.apache.org/maven2 was cached in the local repository, resolution will not be reattempted until the update interval of central has elapsed or updates are forced. Original error: Could not transfer metadata org.apache.maven.plugins/maven-metadata.xml from/to central (http://repo.maven.apache.org/maven2): Failed to transfer http://repo.maven.apache.org/maven2/org/apache/maven/plugins/maven-metadata.xml. Error code 501, HTTPS Required
2020-06-24 21:18:53,449 [Worker-4] WARN  o.e.m.c.i.embedder.EclipseLogger - Failure to transfer org.codehaus.mojo/maven-metadata.xml from http://repo.maven.apache.org/maven2 was cached in the local repository, resolution will not be reattempted until the update interval of central has elapsed or updates are forced. Original error: Could not transfer metadata org.codehaus.mojo/maven-metadata.xml from/to central (http://repo.maven.apache.org/maven2): Failed to transfer http://repo.maven.apache.org/maven2/org/codehaus/mojo/maven-metadata.xml. Error code 501, HTTPS Required
2020-06-24 21:18:53,453 [pool-27-thread-1] INFO  c.n.h.c.p.n.NettyAsyncHttpProvider - Number of application's worked threads is 16
2020-06-24 21:18:53,453 [pool-27-thread-2] INFO  c.n.h.c.p.n.NettyAsyncHttpProvider - Number of application's worked threads is 16
2020-06-24 21:18:53,981 [New I/O client worker #18-1] INFO  o.e.m.c.i.e.AbstractTransferListenerAdapter - Downloaded http://repo.maven.apache.org/maven2/org/apache/maven/plugins/maven-metadata.xml
2020-06-24 21:18:56,904 [New I/O client worker #19-1] INFO  o.e.m.c.i.e.AbstractTransferListenerAdapter - Downloaded http://repo.maven.apache.org/maven2/org/codehaus/mojo/maven-metadata.xml
2020-06-24 21:18:56,913 [Worker-4] WARN  o.e.m.c.i.embedder.EclipseLogger - Could not transfer metadata org.apache.maven.plugins/maven-metadata.xml from/to central (http://repo.maven.apache.org/maven2): Failed to transfer http://repo.maven.apache.org/maven2/org/apache/maven/plugins/maven-metadata.xml. Error code 501, HTTPS Required
2020-06-24 21:18:56,915 [Worker-4] WARN  o.e.m.c.i.embedder.EclipseLogger - Could not transfer metadata org.codehaus.mojo/maven-metadata.xml from/to central (http://repo.maven.apache.org/maven2): Failed to transfer http://repo.maven.apache.org/maven2/org/codehaus/mojo/maven-metadata.xml. Error code 501, HTTPS Required
2020-06-24 21:18:56,938 [Worker-4] WARN  o.e.m.c.i.embedder.EclipseLogger - Failed to retrieve plugin descriptor for org.apache.maven.plugins:maven-clean-plugin:2.4.1: Plugin org.apache.maven.plugins:maven-clean-plugin:2.4.1 or one of its dependencies could not be resolved: Failed to read artifact descriptor for org.apache.maven.plugins:maven-clean-plugin:jar:2.4.1
2020-06-24 21:18:56,943 [Worker-4] WARN  o.e.m.c.i.embedder.EclipseLogger - Failed to retrieve plugin descriptor for org.apache.maven.plugins:maven-install-plugin:2.3.1: Plugin org.apache.maven.plugins:maven-install-plugin:2.3.1 or one of its dependencies could not be resolved: Failed to read artifact descriptor for org.apache.maven.plugins:maven-install-plugin:jar:2.3.1
2020-06-24 21:18:56,948 [Worker-4] WARN  o.e.m.c.i.embedder.EclipseLogger - Failed to retrieve plugin descriptor for org.apache.maven.plugins:maven-deploy-plugin:2.7: Plugin org.apache.maven.plugins:maven-deploy-plugin:2.7 or one of its dependencies could not be resolved: Failed to read artifact descriptor for org.apache.maven.plugins:maven-deploy-plugin:jar:2.7
2020-06-24 21:18:56,953 [Worker-4] WARN  o.e.m.c.i.embedder.EclipseLogger - Failed to retrieve plugin descriptor for org.apache.maven.plugins:maven-site-plugin:3.0: Plugin org.apache.maven.plugins:maven-site-plugin:3.0 or one of its dependencies could not be resolved: Failed to read artifact descriptor for org.apache.maven.plugins:maven-site-plugin:jar:3.0
2020-06-24 21:18:56,958 [Worker-4] WARN  o.e.m.c.i.embedder.EclipseLogger - Failed to retrieve plugin descriptor for org.apache.maven.plugins:maven-antrun-plugin:1.3: Plugin org.apache.maven.plugins:maven-antrun-plugin:1.3 or one of its dependencies could not be resolved: Failed to read artifact descriptor for org.apache.maven.plugins:maven-antrun-plugin:jar:1.3
2020-06-24 21:18:56,962 [Worker-4] WARN  o.e.m.c.i.embedder.EclipseLogger - Failed to retrieve plugin descriptor for org.apache.maven.plugins:maven-assembly-plugin:2.2-beta-5: Plugin org.apache.maven.plugins:maven-assembly-plugin:2.2-beta-5 or one of its dependencies could not be resolved: Failed to read artifact descriptor for org.apache.maven.plugins:maven-assembly-plugin:jar:2.2-beta-5
2020-06-24 21:18:56,966 [Worker-4] WARN  o.e.m.c.i.embedder.EclipseLogger - Failed to retrieve plugin descriptor for org.apache.maven.plugins:maven-dependency-plugin:2.1: Plugin org.apache.maven.plugins:maven-dependency-plugin:2.1 or one of its dependencies could not be resolved: Failed to read artifact descriptor for org.apache.maven.plugins:maven-dependency-plugin:jar:2.1
2020-06-24 21:18:56,969 [Worker-4] WARN  o.e.m.c.i.embedder.EclipseLogger - Failed to retrieve plugin descriptor for org.apache.maven.plugins:maven-release-plugin:2.0: Plugin org.apache.maven.plugins:maven-release-plugin:2.0 or one of its dependencies could not be resolved: Failed to read artifact descriptor for org.apache.maven.plugins:maven-release-plugin:jar:2.0
2020-06-24 21:18:56,972 [Worker-4] WARN  o.e.m.c.i.embedder.EclipseLogger - Failure to transfer org.apache.maven.plugins/maven-metadata.xml from http://repo.maven.apache.org/maven2 was cached in the local repository, resolution will not be reattempted until the update interval of central has elapsed or updates are forced. Original error: Could not transfer metadata org.apache.maven.plugins/maven-metadata.xml from/to central (http://repo.maven.apache.org/maven2): Failed to transfer http://repo.maven.apache.org/maven2/org/apache/maven/plugins/maven-metadata.xml. Error code 501, HTTPS Required
2020-06-24 21:18:56,974 [Worker-4] WARN  o.e.m.c.i.embedder.EclipseLogger - Failure to transfer org.codehaus.mojo/maven-metadata.xml from http://repo.maven.apache.org/maven2 was cached in the local repository, resolution will not be reattempted until the update interval of central has elapsed or updates are forced. Original error: Could not transfer metadata org.codehaus.mojo/maven-metadata.xml from/to central (http://repo.maven.apache.org/maven2): Failed to transfer http://repo.maven.apache.org/maven2/org/codehaus/mojo/maven-metadata.xml. Error code 501, HTTPS Required
2020-06-24 21:18:56,979 [pool-30-thread-2] INFO  c.n.h.c.p.n.NettyAsyncHttpProvider - Number of application's worked threads is 16
2020-06-24 21:18:56,979 [pool-30-thread-1] INFO  c.n.h.c.p.n.NettyAsyncHttpProvider - Number of application's worked threads is 16
2020-06-24 21:18:57,413 [New I/O client worker #20-1] INFO  o.e.m.c.i.e.AbstractTransferListenerAdapter - Downloaded http://repo.maven.apache.org/maven2/org/codehaus/mojo/maven-metadata.xml
2020-06-24 21:19:58,336 [AsyncHttpClient-Reaper] INFO  o.e.m.c.i.e.AbstractTransferListenerAdapter - Downloaded http://repo.maven.apache.org/maven2/org/apache/maven/plugins/maven-metadata.xml
2020-06-24 21:19:58,345 [Worker-4] WARN  o.e.m.c.i.embedder.EclipseLogger - Could not transfer metadata org.apache.maven.plugins/maven-metadata.xml from/to central (http://repo.maven.apache.org/maven2): No response received after 60000
2020-06-24 21:19:58,346 [Worker-4] WARN  o.e.m.c.i.embedder.EclipseLogger - Could not transfer metadata org.codehaus.mojo/maven-metadata.xml from/to central (http://repo.maven.apache.org/maven2): Failed to transfer http://repo.maven.apache.org/maven2/org/codehaus/mojo/maven-metadata.xml. Error code 501, HTTPS Required
2020-06-24 21:19:58,365 [Worker-4] WARN  o.e.m.c.i.embedder.EclipseLogger - Failed to retrieve plugin descriptor for org.apache.maven.plugins:maven-clean-plugin:2.4.1: Plugin org.apache.maven.plugins:maven-clean-plugin:2.4.1 or one of its dependencies could not be resolved: Failed to read artifact descriptor for org.apache.maven.plugins:maven-clean-plugin:jar:2.4.1
2020-06-24 21:19:58,373 [Worker-4] WARN  o.e.m.c.i.embedder.EclipseLogger - Failed to retrieve plugin descriptor for org.apache.maven.plugins:maven-install-plugin:2.3.1: Plugin org.apache.maven.plugins:maven-install-plugin:2.3.1 or one of its dependencies could not be resolved: Failed to read artifact descriptor for org.apache.maven.plugins:maven-install-plugin:jar:2.3.1
2020-06-24 21:19:58,378 [Worker-4] WARN  o.e.m.c.i.embedder.EclipseLogger - Failed to retrieve plugin descriptor for org.apache.maven.plugins:maven-deploy-plugin:2.7: Plugin org.apache.maven.plugins:maven-deploy-plugin:2.7 or one of its dependencies could not be resolved: Failed to read artifact descriptor for org.apache.maven.plugins:maven-deploy-plugin:jar:2.7
2020-06-24 21:19:58,383 [Worker-4] WARN  o.e.m.c.i.embedder.EclipseLogger - Failed to retrieve plugin descriptor for org.apache.maven.plugins:maven-site-plugin:3.0: Plugin org.apache.maven.plugins:maven-site-plugin:3.0 or one of its dependencies could not be resolved: Failed to read artifact descriptor for org.apache.maven.plugins:maven-site-plugin:jar:3.0
2020-06-24 21:19:58,390 [Worker-4] WARN  o.e.m.c.i.embedder.EclipseLogger - Failed to retrieve plugin descriptor for org.apache.maven.plugins:maven-antrun-plugin:1.3: Plugin org.apache.maven.plugins:maven-antrun-plugin:1.3 or one of its dependencies could not be resolved: Failed to read artifact descriptor for org.apache.maven.plugins:maven-antrun-plugin:jar:1.3
2020-06-24 21:19:58,395 [Worker-4] WARN  o.e.m.c.i.embedder.EclipseLogger - Failed to retrieve plugin descriptor for org.apache.maven.plugins:maven-assembly-plugin:2.2-beta-5: Plugin org.apache.maven.plugins:maven-assembly-plugin:2.2-beta-5 or one of its dependencies could not be resolved: Failed to read artifact descriptor for org.apache.maven.plugins:maven-assembly-plugin:jar:2.2-beta-5
2020-06-24 21:19:58,399 [Worker-4] WARN  o.e.m.c.i.embedder.EclipseLogger - Failed to retrieve plugin descriptor for org.apache.maven.plugins:maven-dependency-plugin:2.1: Plugin org.apache.maven.plugins:maven-dependency-plugin:2.1 or one of its dependencies could not be resolved: Failed to read artifact descriptor for org.apache.maven.plugins:maven-dependency-plugin:jar:2.1
2020-06-24 21:19:58,403 [Worker-4] WARN  o.e.m.c.i.embedder.EclipseLogger - Failed to retrieve plugin descriptor for org.apache.maven.plugins:maven-release-plugin:2.0: Plugin org.apache.maven.plugins:maven-release-plugin:2.0 or one of its dependencies could not be resolved: Failed to read artifact descriptor for org.apache.maven.plugins:maven-release-plugin:jar:2.0
2020-06-24 21:19:58,405 [Worker-4] WARN  o.e.m.c.i.embedder.EclipseLogger - Failure to transfer org.apache.maven.plugins/maven-metadata.xml from http://repo.maven.apache.org/maven2 was cached in the local repository, resolution will not be reattempted until the update interval of central has elapsed or updates are forced. Original error: Could not transfer metadata org.apache.maven.plugins/maven-metadata.xml from/to central (http://repo.maven.apache.org/maven2): No response received after 60000
2020-06-24 21:19:58,409 [Worker-4] WARN  o.e.m.c.i.embedder.EclipseLogger - Failure to transfer org.codehaus.mojo/maven-metadata.xml from http://repo.maven.apache.org/maven2 was cached in the local repository, resolution will not be reattempted until the update interval of central has elapsed or updates are forced. Original error: Could not transfer metadata org.codehaus.mojo/maven-metadata.xml from/to central (http://repo.maven.apache.org/maven2): Failed to transfer http://repo.maven.apache.org/maven2/org/codehaus/mojo/maven-metadata.xml. Error code 501, HTTPS Required
2020-06-24 21:19:58,415 [pool-33-thread-1] INFO  c.n.h.c.p.n.NettyAsyncHttpProvider - Number of application's worked threads is 16
2020-06-24 21:19:58,415 [pool-33-thread-2] INFO  c.n.h.c.p.n.NettyAsyncHttpProvider - Number of application's worked threads is 16
2020-06-24 21:19:58,862 [New I/O client worker #23-1] INFO  o.e.m.c.i.e.AbstractTransferListenerAdapter - Downloaded http://repo.maven.apache.org/maven2/org/codehaus/mojo/maven-metadata.xml
